idA	idB	O	OHA	OHB	OLA	OLB	K
11606	13089	N	-179	-179	72	72	0
11606	45905	N	3	3	248	248	1
11606	61072	N	227	227	24	24	0
11606	92600	N	68	67	183	183	0
11606	56278	N	38	37	213	213	0
11606	107175	N	68	67	183	183	0
61563	1129	N	-197	-187	54	54	0
61563	13089	N	-195	-185	56	56	1
61563	5264	N	-76	-66	175	175	0
61563	66188	N	-178	-168	73	73	0
61563	35384	N	-72	-66	175	175	0
22603	40055	N	24	25	226	226	0
22603	1713	N	209	208	41	41	0
24787	85937	N	43	43	208	208	2
24787	33481	N	-40	-42	209	209	4
24787	67552	N	-92	-92	159	159	1
24787	73649	N	-12	-13	238	238	2
24787	38406	N	113	113	138	138	1
24787	3486	N	-7	-7	244	244	2
24787	59735	N	110	109	141	141	1
24787	85802	N	-80	-80	171	171	1
24787	71686	N	-159	-159	92	92	0
24787	69169	N	27	26	224	224	3
24787	104758	N	-7	-7	244	244	0
24787	1050	N	18	18	233	233	0
24787	12222	N	-10	-10	241	241	3
24787	46853	N	-126	-126	125	125	1
24787	55811	N	88	88	163	163	3
24787	45568	N	164	164	87	87	0
85937	33481	N	-83	-85	166	166	2
85937	67552	N	-135	-135	116	116	1
85937	73649	N	-55	-56	195	195	1
85937	38406	N	70	70	181	181	3
85937	3486	N	-50	-50	201	201	0
85937	59735	N	67	66	184	184	2
85937	85802	N	-123	-123	128	128	0
85937	71686	N	-202	-202	49	49	0
85937	69169	N	-16	-17	234	234	3
85937	104758	N	-50	-50	201	201	1
85937	1050	N	-25	-25	226	226	3
85937	12222	N	-53	-53	198	198	2
85937	46853	N	-169	-169	82	82	0
85937	48228	N	-32	-36	215	215	4
85937	55811	N	45	45	206	206	4
69352	105946	N	-207	-208	43	43	0
69352	10016	N	-224	-224	27	27	0
69352	8500	N	-165	-165	86	86	0
69352	49341	N	-225	-225	26	26	0
69352	41376	N	-168	-169	82	82	0
54187	101936	N	-75	-79	172	172	1
54187	99929	N	83	79	168	168	2
54187	80321	N	82	81	169	169	3
54187	47848	N	39	39	212	212	1
54187	5890	N	12	12	239	239	3
405	86601	N	68	68	181	181	1
41359	32918	N	-202	-203	47	47	0
41359	97740	N	-225	-226	24	24	0
41359	30636	N	-140	-140	110	110	0
41359	47501	N	134	134	116	116	0
41359	39998	N	-108	-107	143	143	1
41359	13620	N	126	126	124	124	0
41359	9345	N	193	194	57	57	0
41359	15601	N	170	167	80	80	1
41359	13598	N	221	221	29	29	0
41359	36943	N	162	163	88	88	1
63440	14073	N	127	127	124	124	1
63440	47501	N	-112	-113	138	138	1
63440	10928	N	173	172	78	78	0
63440	13620	N	-120	-121	130	130	1
63440	86601	N	192	190	59	59	1
63440	9345	N	-53	-53	198	198	1
63440	84558	N	171	170	80	80	1
63440	58337	N	-198	-200	51	51	1
83364	90469	N	216	215	35	35	0
83364	43582	N	-205	-205	46	46	0
83364	7603	N	-124	-125	126	126	0
83364	23338	N	218	218	33	33	0
83364	37223	N	99	99	152	152	0
83364	88668	N	-32	-33	218	218	0
22058	70372	N	211	212	39	39	0
22058	43535	N	119	119	131	131	1
1129	51028	N	-224	-224	27	27	0
1129	56278	N	219	218	32	32	0
37106	14869	N	68	69	181	181	1
37106	72441	N	111	112	138	138	1
32399	69494	N	-123	-122	127	127	1
32399	61051	N	220	221	29	29	0
32399	84445	N	-9	-7	242	242	1
38206	11302	N	-105	-104	146	146	1
38206	68692	N	0	0	250	250	3
101936	99929	N	158	158	89	89	1
101936	47848	N	114	118	133	133	0
101936	5890	N	87	91	160	160	2
37427	52073	N	29	28	222	222	1
37427	5189	N	-11	-11	240	240	1
37427	57999	N	39	38	212	212	4
37427	72063	N	-157	-158	93	93	0
37427	76614	N	17	15	234	234	4
37427	14000	N	-11	-11	240	240	3
37427	80079	N	175	175	76	76	1
37427	44246	N	17	16	234	234	3
37427	86858	N	29	28	222	222	4
90469	23361	N	-190	-190	60	60	0
90469	23338	N	2	3	248	248	0
90469	76041	N	-67	-67	183	183	3
90469	37223	N	-117	-116	134	134	0
35908	64278	N	143	143	108	108	0
35908	83014	N	-114	-114	137	137	0
35908	98571	N	-168	-168	83	83	0
35908	101966	N	-129	-129	122	122	0
35908	89186	N	33	32	218	218	1
35908	55415	N	39	39	212	212	4
91373	71732	N	166	164	85	85	1
91373	55103	N	231	231	20	20	0
2424	97548	N	78	80	171	171	3
2424	29562	N	-228	-226	23	23	0
2424	89113	N	-228	-226	23	23	0
2424	68814	N	-228	-226	23	23	0
2424	85472	N	-191	-189	60	60	0
2424	85123	N	-33	-31	218	218	4
2424	16888	N	27	28	222	222	3
2424	64008	N	-186	-184	65	65	1
2424	2361	N	-228	-226	23	23	0
32918	97740	N	-23	-23	226	226	0
32918	30636	N	62	63	187	187	0
32918	39998	N	94	96	155	155	3
64278	65631	N	150	150	101	101	2
64278	55415	N	-104	-104	147	147	0
45412	28625	N	96	95	155	155	2
45412	52278	N	-118	-120	131	131	1
45412	70747	N	106	106	145	145	2
45412	58851	N	184	184	67	67	0
48456	32845	N	-172	-172	79	79	1
48456	95790	N	-60	-60	191	191	0
48456	61155	N	6	6	245	245	1
48456	67648	N	-187	-187	64	64	1
33481	38406	N	153	155	96	96	1
33481	6482	N	126	127	123	123	0
33481	59735	N	150	151	99	99	1
33481	85802	N	-40	-38	211	211	3
33481	69169	N	67	68	182	182	3
33481	1050	N	58	60	191	191	3
33481	46853	N	-86	-84	165	165	3
33481	48228	N	51	49	198	198	0
14073	12894	N	191	190	60	60	0
14073	46376	N	191	190	60	60	0
14073	10928	N	46	45	205	205	1
14073	9345	N	-180	-180	71	71	0
97645	51472	N	0	0	251	251	5
97645	69752	N	-109	-110	141	141	1
43582	7603	N	81	80	170	170	1
43582	88668	N	173	172	78	78	0
28690	103081	N	-224	-224	27	27	0
28690	58851	N	-194	-194	57	57	1
9861	21963	N	-20	-20	231	231	1
9861	72837	N	-163	-163	88	88	1
99929	78692	N	211	215	36	36	0
99929	23800	N	221	225	26	26	0
99929	80321	N	-1	2	247	247	3
99929	47848	N	-44	-40	207	207	1
99929	5890	N	-71	-67	180	180	1
99929	12877	N	-223	-220	27	27	0
97548	16888	N	-51	-52	199	199	0
97548	60354	N	-136	-136	115	115	1
67552	38406	N	205	205	46	46	0
67552	6482	N	178	177	73	73	1
67552	3486	N	85	85	166	166	2
67552	59735	N	202	201	49	49	0
67552	85802	N	12	12	239	239	1
67552	98826	N	-216	-216	35	35	0
67552	69169	N	119	118	132	132	2
67552	104758	N	85	85	166	166	1
67552	1050	N	110	110	141	141	1
67552	80079	N	-203	-203	48	48	0
67552	46853	N	-34	-34	217	217	4
32845	38406	N	-227	-227	24	24	0
32845	59735	N	-230	-231	20	20	0
32845	15920	N	-179	-179	72	72	0
32845	35205	N	-214	-214	37	37	0
32845	96202	N	-227	-227	24	24	0
21572	96180	N	195	195	56	56	0
105946	99339	N	104	104	146	146	0
59742	8742	N	133	132	118	118	1
78692	11234	N	170	169	81	81	0
78692	68249	N	161	160	90	90	1
78692	47507	N	133	133	118	118	0
78692	80321	N	-212	-213	38	38	0
78692	101323	N	161	160	90	90	0
78692	20726	N	146	145	105	105	0
78692	86087	N	191	191	60	60	0
78110	68157	N	-51	-51	200	200	3
78110	28381	N	-136	-136	115	115	1
78110	14010	N	179	179	72	72	0
78110	58838	N	226	226	25	25	0
78110	52278	N	214	212	37	37	0
78110	10143	N	192	192	59	59	1
78110	75753	N	179	178	72	72	1
32368	29562	N	87	87	164	164	0
32368	68814	N	87	87	164	164	3
32368	22663	N	-39	-39	212	212	0
32368	96313	N	-158	-158	93	93	0
32368	56564	N	-39	-39	212	212	0
76846	67765	N	222	221	29	29	0
30457	52707	N	-130	-132	119	119	0
57504	6482	N	-105	-106	145	145	0
57504	48228	N	-180	-184	67	67	0
57504	11959	N	0	0	251	251	1
94245	92610	N	-63	-62	188	188	1
29562	51319	N	71	71	180	180	2
29562	68814	N	0	0	251	251	3
29562	85123	N	195	195	56	56	0
29562	22663	N	-126	-126	125	125	0
29562	60354	N	170	170	81	81	0
29562	56564	N	-126	-126	125	125	0
33608	88450	N	-211	-211	40	40	0
51319	68814	N	-71	-71	180	180	2
51319	85123	N	124	124	127	127	0
51319	16888	N	184	183	67	67	1
51319	60354	N	99	99	152	152	0
857	101333	N	-96	-95	155	155	2
857	21690	N	-136	-135	115	115	1
857	47501	N	145	145	105	105	2
857	56065	N	-97	-96	154	154	1
857	13620	N	137	137	113	113	2
857	78341	N	-209	-208	42	42	0
857	47264	N	-109	-108	142	142	1
857	58337	N	59	58	191	191	2
49595	9557	N	69	71	180	180	1
49595	15920	N	-195	-193	56	56	1
49595	84267	N	35	37	214	214	1
49595	35205	N	-230	-228	21	21	0
49595	14010	N	228	230	21	21	0
49595	36852	N	19	21	230	230	3
49595	67648	N	-31	-29	220	220	2
49595	75753	N	228	229	21	21	0
49595	45568	N	-192	-190	59	59	1
51028	98432	N	-167	-167	84	84	1
51028	13089	N	225	225	26	26	0
51028	81357	N	-176	-177	74	74	1
64793	70898	N	68	68	183	183	2
64793	51205	N	-28	-28	223	223	0
64793	59036	N	-26	-26	225	225	0
64793	97642	N	220	216	31	31	0
21963	72837	N	-143	-143	108	108	0
73649	38406	N	125	126	125	125	0
73649	6482	N	98	98	152	152	2
73649	3486	N	5	6	245	245	4
73649	59735	N	122	122	128	128	0
73649	85802	N	-68	-67	183	183	3
73649	69169	N	39	39	211	211	2
73649	104758	N	5	6	245	245	4
73649	96202	N	125	126	125	125	2
73649	1050	N	30	31	220	220	2
73649	12222	N	2	3	248	248	3
73649	55811	N	100	101	150	150	2
73649	45568	N	176	177	74	74	1
69298	33089	N	-213	-215	33	33	0
69298	72063	N	-167	-165	83	83	1
69298	5799	N	-165	-162	86	86	1
69298	48482	N	-24	-21	227	227	3
69298	43735	N	19	21	229	229	4
69298	25006	N	-224	-221	27	27	0
69298	41924	N	-204	-201	47	47	0
69298	76162	N	-153	-151	97	97	1
69298	84763	N	7	9	241	241	0
69298	100935	N	-30	-27	221	221	3
69298	86858	N	19	21	229	229	3
69298	20341	N	105	106	143	143	2
69298	99761	N	-165	-162	86	86	1
97526	101966	N	197	198	53	53	0
33089	70373	N	76	80	170	170	0
33089	30669	N	220	224	26	26	0
33089	72063	N	46	50	200	200	4
33089	1179	N	-182	-177	69	69	1
33089	61072	N	-182	-177	69	69	1
33089	41924	N	9	14	237	237	3
33089	84763	N	220	224	26	26	0
33089	87140	N	-136	-131	115	115	1
12894	2831	N	201	200	49	49	0
12894	46376	N	0	0	250	250	0
12894	8710	N	155	155	95	95	1
12894	36112	N	126	125	124	124	0
12894	10928	N	-145	-145	105	105	0
12894	20111	N	137	130	113	113	0
12894	55470	N	201	200	49	49	0
12894	102740	N	47	48	203	203	0
98807	85802	N	46	46	205	205	4
98807	98826	N	-182	-182	69	69	0
98807	1050	N	144	144	107	107	2
98807	12222	N	116	116	135	135	2
98807	80079	N	-169	-169	82	82	0
98807	46853	N	0	0	251	251	4
98807	55811	N	214	214	37	37	0
38406	3486	N	-120	-120	131	131	0
38406	59735	N	-3	-4	247	247	1
38406	85802	N	-193	-193	58	58	0
38406	28381	N	156	156	95	95	0
38406	69169	N	-86	-87	164	164	1
38406	104758	N	-120	-120	131	131	1
38406	96202	N	0	0	251	251	3
38406	1050	N	-95	-95	156	156	1
38406	67648	N	212	212	39	39	0
38406	12222	N	-123	-123	128	128	2
38406	55811	N	-25	-25	226	226	3
38406	45568	N	51	51	200	200	2
94207	2831	N	-156	-157	93	93	0
94207	20111	N	-220	-227	23	23	0
94207	55470	N	-156	-157	93	93	0
94207	12877	N	-45	-45	205	205	0
309	68249	N	-69	-70	181	181	2
309	47507	N	-97	-97	154	154	2
309	83602	N	-168	-168	83	83	0
309	79560	N	-124	-124	127	127	2
309	101323	N	-69	-70	181	181	2
309	20726	N	-84	-85	166	166	2
309	40041	N	39	36	212	212	1
68157	15920	N	-193	-193	58	58	1
68157	28381	N	-85	-85	166	166	1
68157	35205	N	-228	-228	23	23	0
68157	14010	N	230	230	21	21	0
68157	75753	N	230	229	21	21	0
28805	83462	N	-104	-104	147	147	0
89113	85472	N	37	37	214	214	0
89113	85123	N	195	195	56	56	1
95741	35091	N	-215	-214	36	36	0
95741	88439	N	129	130	121	121	1
83414	43963	N	-144	-145	106	106	1
83414	13286	N	2	1	249	249	2
83414	62735	N	172	171	79	79	0
13983	71732	N	168	170	79	79	0
101333	62203	N	-165	-166	85	85	1
101333	21690	N	-40	-40	211	211	4
101333	47264	N	-13	-13	238	238	1
2831	46376	N	-201	-200	49	49	0
2831	36112	N	-75	-75	174	174	1
2831	8487	N	-163	-161	88	88	0
2831	20111	N	-64	-70	179	179	3
2831	55470	N	0	0	249	249	0
2831	12877	N	111	112	138	138	1
2831	102740	N	-154	-152	97	97	0
38598	22343	N	-212	-212	38	38	0
38598	86601	N	-191	-192	58	58	0
38598	84558	N	-212	-212	38	38	0
55878	60765	N	62	63	188	188	2
55878	98677	N	111	111	139	139	0
55878	52707	N	126	125	124	124	0
83014	98571	N	-54	-54	197	197	2
83014	101966	N	-15	-15	236	236	2
83014	89186	N	147	146	104	104	0
12096	2324	N	-94	-94	156	156	0
23361	23338	N	192	193	58	58	0
23361	37223	N	73	74	177	177	2
62203	47264	N	152	153	98	98	0
35091	40951	N	-195	-195	56	56	0
35091	70305	N	217	216	34	34	0
68814	85123	N	195	195	56	56	0
68814	60354	N	170	170	81	81	0
68814	2361	N	0	0	251	251	4
98571	101966	N	39	39	212	212	0
98571	89186	N	201	200	50	50	0
60835	23782	N	194	198	52	52	0
31976	62512	N	94	95	155	155	0
31976	70543	N	32	33	217	217	1
31976	70111	N	-156	-156	93	93	1
9557	84267	N	-34	-34	217	217	1
9557	14010	N	159	159	92	92	1
9557	58838	N	206	206	45	45	0
9557	36852	N	-50	-50	201	201	0
9557	52278	N	194	192	57	57	1
9557	67648	N	-100	-100	151	151	0
9557	10143	N	172	172	79	79	0
9557	75753	N	159	158	92	92	0
85472	16888	N	218	217	33	33	0
6482	3486	N	-93	-92	158	158	2
6482	85802	N	-166	-165	85	85	0
6482	104758	N	-93	-92	158	158	3
6482	46853	N	-212	-211	39	39	0
6482	48228	N	-75	-78	172	172	0
6482	11959	N	105	106	145	145	0
97740	30636	N	85	86	164	164	0
97740	39998	N	117	119	132	132	2
77051	96699	N	197	197	54	54	1
70373	52073	N	156	156	94	94	1
70373	30669	N	144	144	106	106	1
70373	57999	N	166	166	84	84	1
70373	72063	N	-30	-30	220	220	4
70373	76614	N	144	143	106	106	2
70373	25006	N	-87	-86	164	164	3
70373	44246	N	144	144	106	106	2
70373	86858	N	156	156	94	94	1
70373	87140	N	-212	-211	39	39	0
85123	16888	N	60	59	191	191	3
85123	60354	N	-25	-25	226	226	1
30636	39998	N	32	33	218	218	3
68969	57259	N	-48	-47	203	203	4
68969	17238	N	-177	-176	74	74	1
99339	56087	N	161	162	89	89	1
99339	49992	N	-187	-186	64	64	0
99339	84993	N	-188	-187	63	63	1
98432	81357	N	-9	-10	241	241	1
98432	14869	N	-214	-215	36	36	0
98432	72441	N	-171	-172	79	79	0
62277	43866	N	117	121	130	130	2
62277	48507	N	71	74	176	176	3
62277	83432	N	-123	-119	128	128	2
62277	86087	N	-43	-39	208	208	0
62277	40041	N	35	36	212	212	4
10902	31702	N	85	89	162	162	0
10902	23800	N	225	229	22	22	0
10902	12877	N	-218	-215	32	32	0
52073	30669	N	-12	-12	238	238	4
52073	25694	N	-44	-43	207	207	2
52073	5189	N	-40	-39	211	211	0
52073	57999	N	10	10	240	240	4
52073	72063	N	-186	-186	64	64	0
52073	5799	N	-184	-183	67	67	1
52073	98826	N	133	134	117	117	1
52073	48482	N	-43	-42	208	208	4
52073	43735	N	0	0	250	250	5
52073	41924	N	-223	-222	28	28	0
52073	14000	N	-40	-39	211	211	1
52073	76162	N	-172	-172	78	78	1
52073	80079	N	146	147	104	104	0
52073	44246	N	-12	-12	238	238	0
52073	100935	N	-49	-48	202	202	4
52073	86858	N	0	0	250	250	5
52073	99761	N	-184	-183	67	67	1
52073	63977	N	-33	-33	217	217	3
72859	76850	N	77	79	172	172	2
72859	44904	N	-177	-176	73	73	0
72859	47604	N	-189	-188	61	61	1
72859	75715	N	38	39	211	211	2
72859	105323	N	-189	-188	61	61	0
30669	25694	N	-32	-31	219	219	1
30669	5189	N	-28	-27	223	223	3
30669	57999	N	22	22	228	228	0
30669	72063	N	-174	-174	76	76	1
30669	76614	N	0	-1	249	249	2
30669	5799	N	-172	-171	79	79	1
30669	98826	N	145	146	105	105	2
30669	48482	N	-31	-30	220	220	3
30669	43735	N	12	12	238	238	4
30669	25006	N	-231	-230	20	20	0
30669	41924	N	-211	-210	40	40	0
30669	14000	N	-28	-27	223	223	3
30669	76162	N	-160	-160	90	90	1
30669	44246	N	0	0	250	250	5
30669	100935	N	-37	-36	214	214	3
30669	86858	N	12	12	238	238	4
30669	99761	N	-172	-171	79	79	1
30669	63977	N	-21	-21	229	229	1
3486	59735	N	117	116	134	134	0
3486	85802	N	-73	-73	178	178	1
3486	71686	N	-152	-152	99	99	1
3486	69169	N	34	33	217	217	1
3486	104758	N	0	0	251	251	2
3486	96202	N	120	120	131	131	2
3486	1050	N	25	25	226	226	1
3486	46853	N	-119	-119	132	132	1
3486	55811	N	95	95	156	156	2
3486	45568	N	171	171	80	80	1
46376	8710	N	155	155	95	95	1
46376	36112	N	126	125	124	124	0
46376	10928	N	-145	-145	105	105	0
46376	20111	N	137	130	113	113	0
46376	55470	N	201	200	49	49	0
46376	102740	N	47	48	203	203	0
13089	106462	N	210	210	41	41	0
13089	45905	N	182	182	69	69	1
13089	56278	N	217	216	34	34	0
25694	57999	N	54	53	197	197	0
25694	76614	N	32	30	219	219	2
25694	98826	N	177	177	74	74	0
25694	43735	N	44	43	207	207	3
25694	76162	N	-128	-129	122	122	2
25694	80079	N	190	190	61	61	0
25694	44246	N	32	31	219	219	2
25694	86858	N	44	43	207	207	1
25694	20341	N	130	128	121	121	1
25694	63977	N	11	10	240	240	0
5189	57999	N	50	49	201	201	2
5189	72063	N	-146	-147	104	104	0
5189	76614	N	28	26	223	223	2
5189	98826	N	173	173	78	78	1
5189	43735	N	40	39	211	211	4
5189	14000	N	0	0	251	251	2
5189	80079	N	186	186	65	65	0
5189	44246	N	28	27	223	223	2
5189	86858	N	40	39	211	211	3
92377	68474	N	112	113	138	138	1
57999	72063	N	-196	-196	54	54	0
57999	76614	N	-22	-23	227	227	1
57999	5799	N	-194	-193	57	57	1
57999	98826	N	123	124	127	127	2
57999	48482	N	-53	-52	198	198	3
57999	43735	N	-10	-10	240	240	4
57999	14000	N	-50	-49	201	201	3
57999	76162	N	-182	-182	68	68	1
57999	80079	N	136	137	114	114	2
57999	44246	N	-22	-22	228	228	4
57999	100935	N	-59	-58	192	192	3
57999	86858	N	-10	-10	240	240	4
57999	99761	N	-194	-193	57	57	1
57999	63977	N	-43	-43	207	207	0
8710	47320	N	-117	-116	134	134	1
21690	78341	N	-73	-73	178	178	3
21690	58337	N	195	193	56	56	1
21690	15175	N	-145	-146	105	105	2
72063	76614	N	174	173	76	76	0
72063	5799	N	2	3	248	248	3
72063	43735	N	186	186	64	64	1
72063	67029	N	-228	-227	23	23	0
72063	25006	N	-57	-56	194	194	2
72063	41924	N	-37	-36	214	214	3
72063	14000	N	146	147	104	104	1
72063	84763	N	174	174	76	76	1
72063	86858	N	186	186	64	64	0
72063	87140	N	-182	-181	69	69	1
72063	99761	N	2	3	248	248	3
65943	63578	N	-224	-224	27	27	0
65943	54049	N	212	207	39	39	0
65943	49781	N	-200	-200	51	51	0
65943	61893	N	-28	-29	222	222	0
65943	13990	N	220	220	31	31	0
63578	49781	N	24	24	227	227	1
63578	61893	N	196	195	55	55	0
55648	54466	N	-218	-218	32	32	0
55648	37157	N	64	65	186	186	0
76614	48482	N	-31	-29	220	220	4
76614	14000	N	-28	-26	223	223	4
76614	100935	N	-37	-35	214	214	4
76614	63977	N	-21	-20	229	229	2
10016	8500	N	59	59	192	192	1
10016	49341	N	-1	-1	250	250	1
10016	68864	N	-72	-72	179	179	2
40055	1713	N	185	183	66	66	0
40055	89186	N	228	227	23	23	0
36112	8487	N	-88	-86	163	163	3
36112	20111	N	11	5	238	238	4
36112	55470	N	75	75	174	174	1
36112	75101	N	143	144	106	106	2
36112	102740	N	-79	-77	172	172	0
49687	2324	N	229	229	21	21	0
49687	65411	N	-210	-211	39	39	0
18851	58851	N	-175	-175	76	76	0
45791	51472	N	133	133	118	118	1
27072	78610	N	-166	-166	83	83	0
11234	47507	N	-37	-36	214	214	4
11234	79560	N	-64	-63	187	187	1
11234	20726	N	-24	-24	226	226	4
85077	71732	N	-68	-70	181	181	0
85077	107234	N	-219	-220	31	31	0
95790	61155	N	66	66	185	185	1
33452	28381	N	-106	-105	145	145	1
33452	31702	N	193	194	57	57	0
47501	25946	N	109	110	141	141	0
47501	13620	N	-8	-8	242	242	1
47501	9345	N	59	60	191	191	0
47501	58337	N	-86	-87	163	163	3
39156	101868	N	96	97	154	154	0
43963	13286	N	146	146	104	104	1
43963	65621	N	0	0	250	250	5
43963	24401	N	-197	-196	54	54	1
43866	60765	N	132	132	119	119	2
43866	98677	N	181	180	70	70	1
43866	52707	N	196	194	55	55	1
13286	62735	N	170	170	80	80	0
5799	48482	N	141	141	110	110	0
5799	43735	N	184	183	67	67	0
5799	67029	N	-230	-230	21	21	0
5799	25006	N	-59	-59	192	192	0
5799	41924	N	-39	-39	212	212	1
5799	14000	N	144	144	107	107	2
5799	84763	N	172	171	79	79	1
5799	100935	N	135	135	116	116	0
5799	86858	N	184	183	67	67	1
5799	87140	N	-184	-184	67	67	1
5799	99761	N	0	0	251	251	0
67765	48507	N	-28	-28	222	222	1
67765	60763	N	-115	-114	136	136	0
67765	6220	N	-185	-187	63	63	0
67765	40041	N	-64	-66	184	184	3
67765	52707	N	214	213	36	36	0
59735	85802	N	-190	-189	61	61	0
59735	28381	N	159	160	91	91	0
59735	69169	N	-83	-83	167	167	2
59735	104758	N	-117	-116	134	134	1
59735	96202	N	3	4	247	247	2
59735	1050	N	-92	-91	159	159	2
59735	67648	N	215	216	35	35	0
59735	12222	N	-120	-119	131	131	2
59735	55811	N	-22	-21	229	229	2
59735	45568	N	54	55	196	196	1
15920	28381	N	108	108	143	143	2
15920	35205	N	-35	-35	216	216	2
15920	36852	N	214	214	37	37	0
15920	96202	N	-48	-48	203	203	4
85802	98826	N	-228	-228	23	23	0
85802	71686	N	-79	-79	172	172	3
85802	69169	N	107	106	144	144	1
85802	104758	N	73	73	178	178	1
85802	1050	N	98	98	153	153	1
85802	80079	N	-215	-215	36	36	0
85802	46853	N	-46	-46	205	205	2
85802	48228	N	91	87	160	160	2
100463	62735	N	153	152	98	98	1
100463	56109	N	-111	-111	140	140	1
100463	56326	N	-168	-169	82	82	1
22343	8487	N	185	186	65	65	0
22343	47320	N	185	186	65	65	1
70898	51205	N	-96	-96	155	155	2
70898	59036	N	-94	-94	157	157	2
70898	97642	N	152	148	99	99	0
48507	60763	N	-87	-86	164	164	2
10928	9345	N	-226	-225	25	25	0
10928	13598	N	-198	-198	52	52	0
10928	102740	N	192	193	58	58	0
98826	48482	N	-176	-176	75	75	1
98826	43735	N	-133	-134	117	117	2
98826	14000	N	-173	-173	78	78	1
98826	80079	N	13	13	238	238	0
98826	44246	N	-145	-146	105	105	1
98826	100935	N	-182	-182	69	69	1
98826	63977	N	-166	-167	84	84	1
71686	69169	N	186	185	65	65	1
71686	104758	N	152	152	99	99	0
71686	1050	N	177	177	74	74	0
71686	12222	N	149	149	102	102	2
71686	20341	N	-196	-198	53	53	1
60568	1460	N	92	92	158	158	1
84267	36852	N	-16	-16	235	235	2
84267	67648	N	-66	-66	185	185	0
84267	75753	N	193	192	58	58	1
84267	45568	N	-227	-227	24	24	0
5264	66188	N	-102	-102	149	149	0
5264	35384	N	4	0	247	247	1
53761	25603	N	1	3	246	246	2
56414	90029	N	121	122	129	129	0
48482	43735	N	43	42	208	208	0
48482	25006	N	-200	-200	51	51	0
48482	41924	N	-180	-180	71	71	0
48482	84763	N	31	30	220	220	3
48482	80079	N	189	189	62	62	0
48482	100935	N	-6	-6	245	245	0
48482	86858	N	43	42	208	208	2
48482	20341	N	129	127	122	122	1
48482	99761	N	-141	-141	110	110	0
83432	23800	N	-101	-101	150	150	0
83432	86087	N	80	80	171	171	3
1179	106462	N	-196	-196	55	55	1
1179	61072	N	0	0	251	251	1
1179	41924	N	191	191	60	60	1
1179	56278	N	-189	-190	61	61	1
1179	107175	N	-159	-160	91	91	1
1179	87140	N	46	46	205	205	0
28381	35205	N	-143	-143	108	108	0
28381	96202	N	-156	-156	95	95	0
28381	55811	N	-181	-181	70	70	0
95389	34186	N	-92	-93	158	158	0
95389	41399	N	70	65	181	181	0
31702	23800	N	140	140	111	111	2
31702	83602	N	192	192	59	59	1
35205	67648	N	199	199	52	52	0
105183	23829	N	164	161	87	87	0
105183	48174	N	-9	-9	242	242	0
60763	23800	N	-208	-208	43	43	0
60763	6220	N	-70	-73	178	178	1
8487	20111	N	99	91	152	152	3
8487	78610	N	-78	-80	171	171	0
8487	55470	N	163	161	88	88	0
8487	75101	N	231	230	20	20	0
106462	35972	N	84	84	167	167	1
106462	66188	N	-193	-193	58	58	1
106462	67029	N	196	196	55	55	0
22663	58838	N	-212	-212	39	39	0
22663	96313	N	-119	-119	132	132	0
22663	56564	N	0	0	251	251	0
22663	52278	N	-224	-226	25	25	0
8500	49341	N	-60	-60	191	191	0
8500	68864	N	-131	-131	120	120	1
8500	41376	N	-3	-4	247	247	4
61713	20865	N	-5	-5	246	246	0
69169	104758	N	-34	-33	217	217	2
69169	1050	N	-9	-8	242	242	3
69169	12222	N	-37	-36	214	214	3
69169	46853	N	-153	-152	98	98	1
51205	59036	N	2	2	249	249	2
6031	8968	N	83	84	167	167	0
6031	58838	N	196	197	54	54	1
6031	52278	N	184	183	66	66	0
6031	75753	N	149	149	101	101	2
40951	7666	N	204	203	47	47	0
23800	6220	N	138	135	113	113	0
23800	68249	N	151	150	100	100	2
23800	80321	N	-222	-223	28	28	0
88450	60765	N	-94	-94	157	157	0
88450	12990	N	77	77	174	174	3
104758	1050	N	25	25	226	226	0
104758	46853	N	-119	-119	132	132	2
104758	55811	N	95	95	156	156	3
104758	45568	N	171	171	80	80	0
49341	68864	N	-71	-71	180	180	1
68070	13620	N	-218	-219	32	32	0
16888	60354	N	-85	-84	166	166	1
35972	67029	N	112	112	139	139	0
35972	9324	N	-173	-175	76	76	1
35972	103609	N	-173	-175	76	76	1
68249	47507	N	-28	-27	223	223	1
68249	79560	N	-55	-54	196	196	1
68249	101323	N	0	0	250	250	1
68249	20726	N	-15	-15	235	235	1
68249	40041	N	108	106	142	142	0
47507	79560	N	-27	-27	224	224	0
47507	101323	N	28	27	223	223	0
47507	20726	N	13	12	238	238	0
47507	40041	N	136	133	115	115	0
43735	41924	N	-223	-222	28	28	0
43735	76162	N	-172	-172	78	78	0
43735	84763	N	-12	-12	238	238	4
43735	80079	N	146	147	104	104	1
43735	100935	N	-49	-48	202	202	0
43735	86858	N	0	0	250	250	4
43735	20341	N	86	85	164	164	3
43735	99761	N	-184	-183	67	67	0
43735	63977	N	-33	-33	217	217	4
49737	17238	N	-140	-140	111	111	0
95970	4927	N	24	24	227	227	0
65631	66222	N	160	160	91	91	0
44904	105323	N	-12	-12	238	238	1
62512	70543	N	-62	-62	188	188	0
83602	101323	N	99	98	152	152	3
83602	20726	N	84	83	167	167	3
83602	40041	N	207	204	44	44	0
8968	52278	N	101	99	150	150	0
101819	98121	N	82	82	168	168	0
101819	32396	N	-40	-41	209	209	4
7603	37223	N	223	224	27	27	0
7603	88668	N	92	92	158	158	0
66188	56278	N	200	199	51	51	1
66188	35384	N	106	102	145	145	1
34186	41399	N	162	158	88	88	0
47389	1294	N	177	173	74	74	0
58838	96313	N	93	93	158	158	1
58838	56564	N	212	212	39	39	0
58838	28625	N	202	201	49	49	0
58838	75753	N	-47	-48	203	203	0
96313	56564	N	119	119	132	132	0
96313	75753	N	-140	-141	110	110	1
55934	60230	N	-108	-108	143	143	1
67029	25006	N	171	171	80	80	0
67029	41924	N	191	191	60	60	1
67029	99761	N	230	230	21	21	0
88439	47311	N	-15	-15	236	236	0
44396	8742	N	32	31	219	219	0
45905	61072	N	224	224	27	27	0
45905	92600	N	65	64	186	186	1
45905	56278	N	35	34	216	216	1
45905	107175	N	65	64	186	186	1
81357	72441	N	-162	-162	88	88	1
69494	5364	N	-215	-214	36	36	0
69494	70111	N	-186	-187	63	63	0
69494	84445	N	114	115	136	136	0
60230	55415	N	207	207	44	44	0
79560	101323	N	55	54	196	196	0
79560	20726	N	40	39	211	211	0
79560	40041	N	163	160	88	88	0
103306	83972	N	-192	-190	59	59	0
25946	13620	N	-117	-118	133	133	1
25946	9345	N	-50	-50	201	201	1
15700	92610	N	146	146	105	105	0
15700	49992	N	-52	-52	199	199	1
23829	48174	N	-173	-170	78	78	0
56065	47264	N	-12	-12	239	239	4
56065	58337	N	156	154	95	95	0
25006	41924	N	20	20	231	231	1
25006	84763	N	231	230	20	20	0
25006	100935	N	194	194	57	57	0
25006	99761	N	59	59	192	192	0
80321	47848	N	-43	-42	208	208	4
101231	46321	N	181	176	70	70	0
85035	3017	N	78	77	173	173	1
28667	49629	N	-68	-66	183	183	0
4550	52754	N	-1	-2	249	249	2
4550	28442	N	-147	-149	102	102	2
13620	9345	N	67	68	183	183	1
13620	15601	N	44	41	206	206	3
13620	13598	N	95	95	155	155	2
13620	58337	N	-78	-79	171	171	3
13620	36943	N	36	37	214	214	3
49781	61893	N	172	171	79	79	0
50717	15601	N	-139	-143	108	108	1
50717	84558	N	108	107	143	143	0
50717	13598	N	-88	-89	162	162	1
50717	36943	N	-147	-147	104	104	1
101966	89186	N	162	161	89	89	0
101323	20726	N	-15	-15	235	235	0
101323	40041	N	108	106	142	142	0
98121	32396	N	-122	-123	127	127	1
56564	52278	N	-224	-226	25	25	0
20111	55470	N	64	70	179	179	3
20111	102740	N	-90	-82	161	161	0
9324	103609	N	0	0	249	249	1
61072	41924	N	191	191	60	60	1
61072	92600	N	-159	-160	91	91	1
61072	56278	N	-189	-190	61	61	0
61072	107175	N	-159	-160	91	91	0
61072	87140	N	46	46	205	205	0
41924	14000	N	183	183	68	68	1
41924	84763	N	211	210	40	40	0
41924	100935	N	174	174	77	77	0
41924	86858	N	223	222	28	28	0
41924	87140	N	-145	-145	106	106	1
41924	99761	N	39	39	212	212	1
71732	107234	N	-151	-150	99	99	1
60765	40041	N	-214	-217	34	34	0
23338	76041	N	-69	-70	181	181	3
23338	37223	N	-119	-119	132	132	0
28625	64008	N	178	179	72	72	0
28625	52278	N	-214	-215	35	35	0
28625	106464	N	70	71	180	180	0
20726	40041	N	123	121	127	127	0
36852	67648	N	-50	-50	201	201	3
36852	10143	N	222	222	29	29	0
36852	75753	N	209	208	42	42	0
76041	37223	N	-50	-49	201	201	4
64008	106464	N	-108	-108	143	143	1
86601	47320	N	164	166	85	85	1
86601	102740	N	173	175	76	76	1
37223	88668	N	-131	-132	119	119	0
66222	4927	N	214	214	37	37	0
66222	86834	N	78	77	173	173	0
52754	28442	N	-146	-147	103	103	1
92610	49992	N	-198	-198	53	53	0
92610	84993	N	-199	-199	52	52	0
14000	80079	N	186	186	65	65	0
14000	44246	N	28	27	223	223	2
14000	86858	N	40	39	211	211	4
14000	99761	N	-144	-144	107	107	2
92600	56278	N	-30	-30	220	220	0
92600	107175	N	0	0	250	250	1
9345	84558	N	224	223	27	27	0
9345	58337	N	-145	-147	104	104	2
15601	13598	N	51	54	196	196	0
15601	58337	N	-122	-120	127	127	2
15601	36943	N	-8	-4	243	243	0
76162	84763	N	160	160	90	90	1
76162	86858	N	172	172	78	78	1
76162	87140	N	-196	-195	55	55	1
76162	63977	N	139	139	111	111	2
70305	13990	N	91	92	159	159	1
14869	72441	N	43	43	207	207	0
4927	86834	N	-136	-137	114	114	0
84558	13598	N	-196	-196	54	54	0
84558	47320	N	185	186	65	65	1
96202	67648	N	212	212	39	39	0
96202	12222	N	-123	-123	128	128	0
96202	55811	N	-25	-25	226	226	0
96202	45568	N	51	51	200	200	1
1050	12222	N	-28	-28	223	223	3
1050	46853	N	-144	-144	107	107	0
1050	45568	N	146	146	105	105	1
61893	75080	N	188	189	62	62	1
61893	42495	N	160	161	90	90	1
78341	15175	N	-72	-73	178	178	1
56278	107175	N	30	30	220	220	0
61051	84445	N	-229	-228	22	22	0
67648	45568	N	-161	-161	90	90	0
12222	55811	N	98	98	153	153	0
12222	45568	N	174	174	77	77	1
96180	54857	N	15	15	236	236	1
55470	12877	N	111	112	138	138	1
55470	102740	N	-154	-152	97	97	0
47264	58337	N	168	166	83	83	1
84763	100935	N	-37	-36	214	214	3
84763	86858	N	12	12	238	238	4
84763	20341	N	98	97	152	152	3
84763	99761	N	-172	-171	79	79	1
47848	5890	N	-27	-27	224	224	0
80079	44246	N	-158	-159	92	92	0
80079	100935	N	-195	-195	56	56	0
80079	63977	N	-179	-180	71	71	1
44246	63977	N	-21	-21	229	229	3
100935	86858	N	49	48	202	202	2
100935	20341	N	135	133	116	116	1
100935	99761	N	-135	-135	116	116	0
76069	65411	N	122	124	125	125	0
13598	58337	N	-173	-174	76	76	1
13598	36943	N	-59	-58	192	192	0
46853	20341	N	-229	-231	20	20	0
107175	87140	N	205	206	45	45	0
86858	20341	N	86	85	164	164	0
86858	99761	N	-184	-183	67	67	1
86858	63977	N	-33	-33	217	217	3
75080	42495	N	-28	-28	223	223	3
11302	68692	N	105	104	146	146	1
75101	102740	N	-222	-221	29	29	0
56109	56326	N	-57	-58	193	193	2
58337	36943	N	114	116	135	135	2
48228	11959	N	180	184	67	67	0
70747	58851	N	78	78	173	173	1
55811	45568	N	76	76	175	175	1
87140	99761	N	184	184	67	67	1
